[LOG] System::create                           : Header version = 2.01.11. Current version = 2.01.11.
[LOG] Manager::init                            : maxchannels = 256 studioflags = 00000006 flags 00000000 extradriverdata 0000000000000000.
[LOG] SystemI::init                            : Initialize version=20111 (118066), maxchannels=256, flags=0x00020000
[LOG] SystemI::setOutputInternal               : Setting output to 'FMOD WASAPI Output'
[LOG] OutputWASAPI::init                       : Mix Format (WAVEFORMATEX): wFormatTag=0xFFFE, nChannels=2, nSamplesPerSec=48000, nAvgBytesPerSec=384000, nBlockAlign=8, wBitsPerSample=32, cbSize=22.
[LOG] OutputWASAPI::init                       : Mix Format (WAVEFORMATEXTENSIBLE): wValidBitsPerSample=32, dwChannelMask=0x00000003, SubFormat=00000003-0000-0010-8000-00AA00389B71.
[LOG] OutputWASAPI::init                       : Output buffer size: 4096 samples, latency: 0.00ms, period: 10.00ms, DSP buffer: 1024 * 4
[LOG] Thread::initThread                       : Init FMOD stream thread. Affinity: 0x8000000000000003, Priority: 0xFFFF7FFB, Stack Size: 98304, Semaphore: No, Sleep Time: 10, Looping: Yes.
[LOG] Thread::initThread                       : Init FMOD mixer thread. Affinity: 0x8000000000000001, Priority: 0xFFFF7FFA, Stack Size: 81920, Semaphore: No, Sleep Time: 0, Looping: Yes.
[LOG] AsyncManager::init                       : manager 000001EDD9606618 isAsync 0 updatePeriod 0.02
[LOG] AsyncManager::init                       : done
[LOG] PlaybackSystem::init                     : 
[LOG] Thread::initThread                       : Init FMOD Studio sample load thread. Affinity: 0x8000000000000003, Priority: 0xFFFF7FFD, Stack Size: 98304, Semaphore: No, Sleep Time: 1, Looping: No.
[LOG] PlaybackSystem::init                     : done
[LOG] Thread::initThread                       : Init FMOD Studio bank load thread. Affinity: 0x8000000000000003, Priority: 0xFFFF7FFD, Stack Size: 98304, Semaphore: No, Sleep Time: 1, Looping: No.
[LOG] Manager::init                            : done.
[LOG] Manager::readBank                        : fileversion = 135, compatVersion = 132 (oldest = 44, newest = 135)
[LOG] Manager::readBank                        : fileversion = 135, compatVersion = 132 (oldest = 44, newest = 135)
[LOG] Manager::readBank                        : fileversion = 135, compatVersion = 132 (oldest = 44, newest = 135)
[LOG] PlaybackSystem::acquireMasterBus         : Setting master channel group format to 6
[LOG] SystemI::createSoundInternal             : Create name='', mode=0x02000202
[LOG] SystemI::createSoundInternal             : exinfo->cbsize             = 224
[LOG] SystemI::createSoundInternal             : exinfo->length             = 9166688
[LOG] SystemI::createSoundInternal             : exinfo->fileoffset         = 87520
[LOG] SystemI::createSoundInternal             : exinfo->numsubsounds       = 1
[LOG] SystemI::createSoundInternal             : exinfo->inclusionlist      = 0000002A1EAFEFB8
[LOG] SystemI::createSoundInternal             : exinfo->inclusionlistnum   = 1
[LOG] SystemI::createSoundInternal             : exinfo->suggestedsoundtype = 5
[LOG] SystemI::createSoundInternal             : exinfo->useropen           = 00007FF8BEEF60E0
[LOG] SystemI::createSoundInternal             : exinfo->userclose          = 00007FF8BEEF60B0
[LOG] SystemI::createSoundInternal             : exinfo->userread           = 00007FF8BEEF61B0
[LOG] SystemI::createSoundInternal             : exinfo->userseek           = 00007FF8BEEF6270
[LOG] SystemI::createSoundInternal             : exinfo->fileuserdata       = 000001EDB35DAD38
[LOG] SystemI::createSoundInternal             : exinfo->initialseekpostype = 1
[LOG] SystemI::DSPCodecPoolRegister            : register codec pool for pool type 5
[LOG] SystemI::createSoundInternal             : Sample 0/1: name='Games, MIsc, Poker Chips, Single, Slide From Table Into Hand Holding Others SND38538', format=5, channels=2, frequency=48000, lengthbytes=6976, lengthpcm=20823, pcmblocksize=0, loopstart=0, loopend=0, mode=0x00000000, channelmask=0x00000000, channelorder=0, peakvolume=0.707946.
[LOG] SystemI::createSound                     : filename = Taeru FMOD/Build/Desktop/Master.bank : mode 02010082
[LOG] SystemI::createSound                     : FMOD_NONBLOCKING specified.  Putting into queue to be opened asynchronously!
[LOG] SystemI::createSound                     : setdata soundi = 000001EDB18E5E98 : node = 000001ED47782770
[LOG] SystemI::createSound                     : add node to async list : head = 000001ED47776238.  list count = 0
[LOG] AsyncThread::threadFunc                  : Starting Asynchronous operation on sound 000001EDB18E5E98
[LOG] SystemI::createSoundInternal             :     Create name='Taeru FMOD/Build/Desktop/Master.bank', mode=0x02010082
[LOG] SystemI::createSoundInternal             :     exinfo->cbsize             = 224
[LOG] SystemI::createSoundInternal             :     exinfo->length             = 9166688
[LOG] SystemI::createSoundInternal             :     exinfo->fileoffset         = 87520
[LOG] SystemI::createSoundInternal             :     exinfo->numsubsounds       = 1
[LOG] SystemI::createSoundInternal             :     exinfo->inclusionlist      = 000001ED47782880
[LOG] SystemI::createSoundInternal             :     exinfo->inclusionlistnum   = 1
[LOG] SystemI::createSoundInternal             :     exinfo->suggestedsoundtype = 5
[LOG] SystemI::createSoundInternal             :     exinfo->initialseekpostype = 1
[LOG] SystemI::createSoundInternal             :     Stream 0/1: name='desenvolvimento prep', format=5, channels=2, frequency=48000, lengthbytes=682016, lengthpcm=2813600, pcmblocksize=0, loopstart=0, loopend=2614399, mode=0x00000000, channelmask=0x00000000, channelorder=0, peakvolume=0.063751.
[LOG] AsyncThread::threadFunc                  : Finished Asynchronous operation on sound 000001EDB18E5E98
[LOG] AsyncThread::threadFunc                  : Starting Asynchronous operation on sound 000001EDB18E6C18
[LOG] AsyncThread::threadFunc                  : Finished Asynchronous operation on sound 000001EDB18E6C18
[LOG] SoundI::release                          : desenvolvimento prep (000001EDB18E5E98)
[LOG] SoundI::release                          :     desenvolvimento prep (000001EDB7BC2078)
[LOG] SoundI::release                          :     desenvolvimento prep (000001EDB18E6C18)
[LOG] SoundI::release                          : Wind, Vegetation, Forest, Smooth Rustle SND1332 (000001EDB18E6A68)
[LOG] SoundI::release                          :     Wind, Vegetation, Forest, Smooth Rustle SND1332 (000001EE60AB6CF8)
[LOG] SoundI::release                          :     Wind, Vegetation, Forest, Smooth Rustle SND1332 (000001EDB18E5628)
[LOG] SoundI::release                          :  (000001EE8CC2A768)
[LOG] SoundI::release                          :     Games, MIsc, Poker Chips, Single, Slide From Table Into Hand Holding Others SND38538 (000001EE60AB7ED8)
[LOG] SoundI::release                          :  (000001EBE732FEC8)
[LOG] SoundI::release                          :     combat phase_TAIKO BASE (000001EDB7BC2558)
[LOG] Thread::callback                         : FMOD Studio update thread finished.
[LOG] Thread::callback                         : FMOD Studio bank load thread finished.
[LOG] Profile::disconnectAll                   : Profiler disconnecting all clients
[LOG] Thread::callback                         : FMOD Studio sample load thread finished.
[LOG] LiveUpdate::release                      : 
[LOG] LiveUpdate::reset                        : Reset connection (reason Disconnected)
[LOG] Thread::callback                         : FMOD stream thread finished.
[LOG] Thread::callback                         : FMOD mixer thread finished.
[LOG] Profile::disconnectAll                   : Profiler disconnecting all clients
[LOG] SystemI::close                           : Closed.
